<?xml version="1.0" encoding="UTF-8"?>
<testng-results skipped="0" failed="0" total="2" passed="2">
  <reporter-output>
  </reporter-output>
  <suite name="Default suite" duration-ms="11349" started-at="2021-06-17T08:37:03Z" finished-at="2021-06-17T08:37:15Z">
    <groups>
    </groups>
    <test name="Default test" duration-ms="11349" started-at="2021-06-17T08:37:03Z" finished-at="2021-06-17T08:37:15Z">
      <class name="DemoRestAssured.EcommerceRestTesting">
        <test-method status="PASS" signature="login()[pri:0, instance:DemoRestAssured.EcommerceRestTesting@38203]" name="login" duration-ms="8012" started-at="2021-06-17T14:07:03Z" finished-at="2021-06-17T14:07:11Z">
          <reporter-output>
          </reporter-output>
        </test-method> <!-- login -->
        <test-method status="PASS" signature="getallusers()[pri:1, instance:DemoRestAssured.EcommerceRestTesting@38203]" name="getallusers" duration-ms="3315" started-at="2021-06-17T14:07:11Z" finished-at="2021-06-17T14:07:15Z">
          <reporter-output>
          </reporter-output>
        </test-method> <!-- getallusers -->
      </class> <!-- DemoRestAssured.EcommerceRestTesting -->
    </test> <!-- Default test -->
  </suite> <!-- Default suite -->
</testng-results>
